<?xml version="1.0" encoding="UTF-8"?>
<!-- Generated by org.testng.reporters.JUnitXMLReporter -->
<testsuite ignored="2" hostname="DESKTOP-HHFJC6T" failures="0" tests="1" name="Cancel while Create New Computer" time="19.691" errors="0" timestamp="2020-11-06T17:00:47 ICT">
  <testcase classname="com.scripts.HandleComputersData" name="createComputerScenario" time="19.425"/>
  <testcase classname="com.scripts.HandleComputersData" name="updateComputerScenario" time="0.0">
    <ignored/>
  </testcase> <!-- updateComputerScenario -->
  <testcase classname="com.scripts.HandleComputersData" name="verifyDataSorting" time="0.0">
    <ignored/>
  </testcase> <!-- verifyDataSorting -->
</testsuite> <!-- Cancel while Create New Computer -->
