<?xml version="1.0" encoding="UTF-8"?>
<!-- Generated by org.testng.reporters.JUnitXMLReporter -->
<testsuite ignored="2" hostname="DESKTOP-HHFJC6T" failures="0" tests="1" name="Create Computer unsuccessful when missing Required Fields" time="2.403" errors="0" timestamp="2020-11-06T17:00:49 ICT">
  <testcase classname="com.scripts.HandleComputersData" name="createComputerScenario" time="2.133"/>
  <testcase classname="com.scripts.HandleComputersData" name="updateComputerScenario" time="0.0">
    <ignored/>
  </testcase> <!-- updateComputerScenario -->
  <testcase classname="com.scripts.HandleComputersData" name="verifyDataSorting" time="0.0">
    <ignored/>
  </testcase> <!-- verifyDataSorting -->
</testsuite> <!-- Create Computer unsuccessful when missing Required Fields -->
