<?xml version="1.0" encoding="UTF-8"?>
<!-- Generated by org.testng.reporters.JUnitXMLReporter -->
<testsuite ignored="2" hostname="DESKTOP-HHFJC6T" failures="1" tests="1" name="Create Computer unsuccessful when Discontinued Date is Before Introduce" time="24.035" errors="0" timestamp="2020-11-06T17:02:00 ICT">
  <testcase classname="com.scripts.HandleComputersData" name="createComputerScenario" time="23.761">
    <failure type="java.lang.AssertionError" message="There should be error on column Discontinued date expected [true] but found [false]">
      <![CDATA[java.lang.AssertionError: There should be error on column Discontinued date expected [true] but found [false]
at com.frame.MainPage.createComputer(MainPage.java:143)
at com.scripts.HandleComputersData.createComputerScenario(HandleComputersData.java:56)
at java.base/java.util.ArrayList.forEach(ArrayList.java:1511)
... Removed 30 stack frames]]>
    </failure>
  </testcase> <!-- createComputerScenario -->
  <testcase classname="com.scripts.HandleComputersData" name="updateComputerScenario" time="0.0">
    <ignored/>
  </testcase> <!-- updateComputerScenario -->
  <testcase classname="com.scripts.HandleComputersData" name="verifyDataSorting" time="0.0">
    <ignored/>
  </testcase> <!-- verifyDataSorting -->
</testsuite> <!-- Create Computer unsuccessful when Discontinued Date is Before Introduce -->
