<?xml version="1.0" encoding="UTF-8"?>
<!-- Generated by org.testng.reporters.JUnitXMLReporter -->
<testsuite ignored="2" hostname="DESKTOP-HHFJC6T" failures="0" tests="1" name="Update Computer Details Successful" time="10.679" errors="0" timestamp="2020-11-06T17:02:18 ICT">
  <testcase classname="com.scripts.HandleComputersData" name="updateComputerScenario" time="10.409"/>
  <testcase classname="com.scripts.HandleComputersData" name="createComputerScenario" time="0.0">
    <ignored/>
  </testcase> <!-- createComputerScenario -->
  <testcase classname="com.scripts.HandleComputersData" name="verifyDataSorting" time="0.0">
    <ignored/>
  </testcase> <!-- verifyDataSorting -->
</testsuite> <!-- Update Computer Details Successful -->
