<?xml version="1.0" encoding="UTF-8"?>
<!-- Generated by org.testng.reporters.JUnitXMLReporter -->
<testsuite ignored="2" hostname="DESKTOP-HHFJC6T" failures="1" tests="1" name="Verify data sorting is working_Introduced" time="6.115" errors="0" timestamp="2020-11-06T17:02:24 ICT">
  <testcase classname="com.scripts.HandleComputersData" name="verifyDataSorting" time="5.833">
    <failure type="java.lang.AssertionError" message="Data doesn&amp;apos;t sort follow ascending order expected [true] but found [false]">
      <![CDATA[java.lang.AssertionError: Data doesn't sort follow ascending order expected [true] but found [false]
at com.frame.MainPage.verifySortOrder(MainPage.java:486)
at com.frame.MainPage.sortByColumn(MainPage.java:439)
at com.scripts.HandleComputersData.verifyDataSorting(HandleComputersData.java:137)
at java.base/java.util.ArrayList.forEach(ArrayList.java:1511)
... Removed 30 stack frames]]>
    </failure>
  </testcase> <!-- verifyDataSorting -->
  <testcase classname="com.scripts.HandleComputersData" name="updateComputerScenario" time="0.0">
    <ignored/>
  </testcase> <!-- updateComputerScenario -->
  <testcase classname="com.scripts.HandleComputersData" name="createComputerScenario" time="0.0">
    <ignored/>
  </testcase> <!-- createComputerScenario -->
</testsuite> <!-- Verify data sorting is working_Introduced -->
